<?xml version="1.0" encoding="UTF-8"?>
<testsuite name="eu.fbk.st.cryptoac.core.elements.ActiveElementTest" tests="2" skipped="0" failures="0" errors="0" timestamp="2021-08-31T09:38:04" hostname="sberlato-Inspiron-15-5510" time="0.067">
  <properties/>
  <testcase name="the admin token is the name of the admin" classname="eu.fbk.st.cryptoac.core.elements.ActiveElementTest" time="0.019"/>
  <testcase name="the token of an active element is not the name of the admin" classname="eu.fbk.st.cryptoac.core.elements.ActiveElementTest" time="0.048"/>
  <system-out><![CDATA[]]></system-out>
  <system-err><![CDATA[]]></system-err>
</testsuite>
