<?xml version="1.0" encoding="UTF-8"?>
<testsuite name="eu.fbk.st.cryptoac.core.tuples.RoleTupleTest" tests="2" skipped="0" failures="0" errors="0" timestamp="2021-08-31T09:38:04" hostname="sberlato-Inspiron-15-5510" time="0.0">
  <properties/>
  <testcase name="user type signer is accepted" classname="eu.fbk.st.cryptoac.core.tuples.RoleTupleTest" time="0.0"/>
  <testcase name="role type signer is not accepted" classname="eu.fbk.st.cryptoac.core.tuples.RoleTupleTest" time="0.0"/>
  <system-out><![CDATA[]]></system-out>
  <system-err><![CDATA[]]></system-err>
</testsuite>
