<?xml version="1.0" encoding="UTF-8"?>
<testsuite name="eu.fbk.st.cryptoac.implementation.mm.MMInterfaceMySQLTest" tests="1" skipped="0" failures="0" errors="0" timestamp="2022-03-03T14:54:53" hostname="sberlato" time="0.528">
  <properties/>
  <testcase name="aaaaa()[jvm]" classname="eu.fbk.st.cryptoac.implementation.mm.MMInterfaceMySQLTest" time="0.528"/>
  <system-out><![CDATA[[Test worker @coroutine#1] INFO  - Initializing the Sodium library 
[Test worker] INFO  - Locking the status of the MM 
[Test worker] INFO  - Initializing the database and adding the admin in the MM 
[Test worker] INFO  - Getting data of users (offset 0, limit 100) 
[Test worker] INFO  - Filtering by matching username admin 
[Test worker] INFO  - Adding the role admin in the metadata 
[Test worker] INFO  - Getting data of roles (offset 0, limit 100) 
[Test worker] INFO  - Filtering by matching role name admin 
[Test worker] INFO  - Adding 1 role tuples in the metadata (one per row below): 
[Test worker] INFO  - 0: user admin to role admin 
[Test worker] INFO  - Adding 1 role tuples in the metadata (one per row below): 
[Test worker] INFO  - 0: user admin to role rolenonono 
[Test worker] WARN  - One ore more RoleTuples were not added (expected 1, actual 0) 
CODE_005_ROLE_NOT_FOUND
[Test worker] INFO  - Unlocking the status of the MM 
[Test worker] WARN  - Resetting MySQL 
[Test worker] INFO  - Locking the status of the MM 
[Test worker] INFO  - Unlocking the status of the MM 
]]></system-out>
  <system-err><![CDATA[]]></system-err>
</testsuite>
