<?xml version="1.0" encoding="UTF-8"?>
<testsuite name="eu.fbk.st.cryptoac.core.CryptoACObjectTest" tests="2" skipped="0" failures="0" errors="0" timestamp="2021-08-31T09:38:04" hostname="sberlato-Inspiron-15-5510" time="0.001">
  <properties/>
  <testcase name="enforcing positive numbers positive values works" classname="eu.fbk.st.cryptoac.core.CryptoACObjectTest" time="0.001"/>
  <testcase name="enforcing positive numbers with zero or negative values throws exception" classname="eu.fbk.st.cryptoac.core.CryptoACObjectTest" time="0.0"/>
  <system-out><![CDATA[]]></system-out>
  <system-err><![CDATA[]]></system-err>
</testsuite>
