<?xml version="1.0" encoding="UTF-8"?>
<testsuite name="eu.fbk.st.cryptoac.proxy.SafeRegexTest" tests="5" skipped="0" failures="0" errors="0" timestamp="2021-08-31T09:38:04" hostname="sberlato-Inspiron-15-5510" time="0.006">
  <properties/>
  <testcase name="blank text do not validate against regex" classname="eu.fbk.st.cryptoac.proxy.SafeRegexTest" time="0.004"/>
  <testcase name="empty text do not validate against regex" classname="eu.fbk.st.cryptoac.proxy.SafeRegexTest" time="0.0"/>
  <testcase name="valid texts validate against regex" classname="eu.fbk.st.cryptoac.proxy.SafeRegexTest" time="0.001"/>
  <testcase name="not anchored text at the end do not validate against regex" classname="eu.fbk.st.cryptoac.proxy.SafeRegexTest" time="0.001"/>
  <testcase name="not anchored text at the beginning do not validate against regex" classname="eu.fbk.st.cryptoac.proxy.SafeRegexTest" time="0.0"/>
  <system-out><![CDATA[]]></system-out>
  <system-err><![CDATA[]]></system-err>
</testsuite>
